<?xml version="1.0" encoding="UTF-8"?>
<testng-results skipped="0" failed="1" ignored="0" total="4" passed="3">
  <reporter-output>
  </reporter-output>
  <suite name="Default suite" duration-ms="153691" started-at="2018-08-13T17:27:32Z" finished-at="2018-08-13T17:30:06Z">
    <groups>
      <group name="cucumber">
        <method signature="AbstractTestNGCucumberTests.feature(cucumber.api.testng.CucumberFeatureWrapper)[pri:0, instance:org.hellofresh.resources.HelloFreshAutomationRunner@22eeefeb]" name="feature" class="cucumber.api.testng.AbstractTestNGCucumberTests"/>
      </group> <!-- cucumber -->
    </groups>
    <test name="Default test" duration-ms="153691" started-at="2018-08-13T17:27:32Z" finished-at="2018-08-13T17:30:06Z">
      <class name="org.hellofresh.resources.HelloFreshAutomationRunner">
        <test-method status="PASS" signature="start()[pri:0, instance:org.hellofresh.resources.HelloFreshAutomationRunner@22eeefeb]" name="start" is-config="true" duration-ms="12" started-at="2018-08-13T17:27:32Z" finished-at="2018-08-13T17:27:32Z">
          <reporter-output>
          </reporter-output>
        </test-method> <!-- start -->
        <test-method status="PASS" signature="setUpClass()[pri:0, instance:org.hellofresh.resources.HelloFreshAutomationRunner@22eeefeb]" name="setUpClass" is-config="true" duration-ms="318" started-at="2018-08-13T17:27:32Z" finished-at="2018-08-13T17:27:32Z">
          <reporter-output>
          </reporter-output>
        </test-method> <!-- setUpClass -->
        <test-method status="PASS" signature="beforeMethod()[pri:0, instance:org.hellofresh.resources.HelloFreshAutomationRunner@22eeefeb]" name="beforeMethod" is-config="true" duration-ms="29435" started-at="2018-08-13T17:27:32Z" finished-at="2018-08-13T17:28:02Z">
          <reporter-output>
          </reporter-output>
        </test-method> <!-- beforeMethod -->
        <test-method status="PASS" signature="feature(cucumber.api.testng.CucumberFeatureWrapper)[pri:0, instance:org.hellofresh.resources.HelloFreshAutomationRunner@22eeefeb]" name="feature" duration-ms="48535" started-at="2018-08-13T17:28:02Z" description="Runs Cucumber Feature" data-provider="features" finished-at="2018-08-13T17:28:50Z">
          <params>
            <param index="0">
              <value>
                <![CDATA[Checkout verification]]>
              </value>
            </param>
          </params>
          <reporter-output>
          </reporter-output>
        </test-method> <!-- feature -->
        <test-method status="PASS" signature="afterMethod()[pri:0, instance:org.hellofresh.resources.HelloFreshAutomationRunner@22eeefeb]" name="afterMethod" is-config="true" duration-ms="1449" started-at="2018-08-13T17:28:50Z" finished-at="2018-08-13T17:28:52Z">
          <reporter-output>
          </reporter-output>
        </test-method> <!-- afterMethod -->
        <test-method status="PASS" signature="beforeMethod()[pri:0, instance:org.hellofresh.resources.HelloFreshAutomationRunner@22eeefeb]" name="beforeMethod" is-config="true" duration-ms="16234" started-at="2018-08-13T17:28:52Z" finished-at="2018-08-13T17:29:08Z">
          <reporter-output>
          </reporter-output>
        </test-method> <!-- beforeMethod -->
        <test-method status="PASS" signature="feature(cucumber.api.testng.CucumberFeatureWrapper)[pri:0, instance:org.hellofresh.resources.HelloFreshAutomationRunner@22eeefeb]" name="feature" duration-ms="9424" started-at="2018-08-13T17:29:08Z" description="Runs Cucumber Feature" data-provider="features" finished-at="2018-08-13T17:29:18Z">
          <params>
            <param index="0">
              <value>
                <![CDATA[Create a new account for new user]]>
              </value>
            </param>
          </params>
          <reporter-output>
          </reporter-output>
        </test-method> <!-- feature -->
        <test-method status="PASS" signature="afterMethod()[pri:0, instance:org.hellofresh.resources.HelloFreshAutomationRunner@22eeefeb]" name="afterMethod" is-config="true" duration-ms="1294" started-at="2018-08-13T17:29:18Z" finished-at="2018-08-13T17:29:19Z">
          <reporter-output>
          </reporter-output>
        </test-method> <!-- afterMethod -->
        <test-method status="PASS" signature="beforeMethod()[pri:0, instance:org.hellofresh.resources.HelloFreshAutomationRunner@22eeefeb]" name="beforeMethod" is-config="true" duration-ms="18438" started-at="2018-08-13T17:29:19Z" finished-at="2018-08-13T17:29:37Z">
          <reporter-output>
          </reporter-output>
        </test-method> <!-- beforeMethod -->
        <test-method status="PASS" signature="feature(cucumber.api.testng.CucumberFeatureWrapper)[pri:0, instance:org.hellofresh.resources.HelloFreshAutomationRunner@22eeefeb]" name="feature" duration-ms="9418" started-at="2018-08-13T17:29:37Z" description="Runs Cucumber Feature" data-provider="features" finished-at="2018-08-13T17:29:47Z">
          <params>
            <param index="0">
              <value>
                <![CDATA[Login verification]]>
              </value>
            </param>
          </params>
          <reporter-output>
          </reporter-output>
        </test-method> <!-- feature -->
        <test-method status="PASS" signature="afterMethod()[pri:0, instance:org.hellofresh.resources.HelloFreshAutomationRunner@22eeefeb]" name="afterMethod" is-config="true" duration-ms="1394" started-at="2018-08-13T17:29:47Z" finished-at="2018-08-13T17:29:48Z">
          <reporter-output>
          </reporter-output>
        </test-method> <!-- afterMethod -->
        <test-method status="PASS" signature="beforeMethod()[pri:0, instance:org.hellofresh.resources.HelloFreshAutomationRunner@22eeefeb]" name="beforeMethod" is-config="true" duration-ms="12511" started-at="2018-08-13T17:29:48Z" finished-at="2018-08-13T17:30:01Z">
          <reporter-output>
          </reporter-output>
        </test-method> <!-- beforeMethod -->
        <test-method status="FAIL" signature="feature(cucumber.api.testng.CucumberFeatureWrapper)[pri:0, instance:org.hellofresh.resources.HelloFreshAutomationRunner@22eeefeb]" name="feature" duration-ms="3291" started-at="2018-08-13T17:30:01Z" description="Runs Cucumber Feature" data-provider="features" finished-at="2018-08-13T17:30:04Z">
          <params>
            <param index="0">
              <value>
                <![CDATA[[JSON] Test api]]>
              </value>
            </param>
          </params>
          <exception class="cucumber.runtime.CucumberException">
            <message>
              <![CDATA[junit.framework.AssertionFailedError: Actual Response : <!DOCTYPE HTML PUBLIC "-//IETF//DTD HTML 2.0//EN">
<html><head>
<title>400 Bad Request</title>
</head><body>
<h1>Bad Request</h1>
<p>Your browser sent a request that this server could not understand.<br />
</p>
<hr>
<address>Apache/2.4.25 (Debian) Server at services.groupkt.com Port 80</address>
</body></html>

Expected status : 200 , Actual status : 400]]>
            </message>
            <full-stacktrace>
              <![CDATA[cucumber.runtime.CucumberException: junit.framework.AssertionFailedError: Actual Response : <!DOCTYPE HTML PUBLIC "-//IETF//DTD HTML 2.0//EN">
<html><head>
<title>400 Bad Request</title>
</head><body>
<h1>Bad Request</h1>
<p>Your browser sent a request that this server could not understand.<br />
</p>
<hr>
<address>Apache/2.4.25 (Debian) Server at services.groupkt.com Port 80</address>
</body></html>

Expected status : 200 , Actual status : 400
at cucumber.api.testng.TestNGCucumberRunner.runCucumber(TestNGCucumberRunner.java:69)
at cucumber.api.testng.AbstractTestNGCucumberTests.feature(AbstractTestNGCucumberTests.java:21)
at sun.reflect.NativeMethodAccessorImpl.invoke0(Native Method)
at sun.reflect.NativeMethodAccessorImpl.invoke(NativeMethodAccessorImpl.java:62)
at sun.reflect.DelegatingMethodAccessorImpl.invoke(DelegatingMethodAccessorImpl.java:43)
at java.lang.reflect.Method.invoke(Method.java:498)
at org.testng.internal.MethodInvocationHelper.invokeMethod(MethodInvocationHelper.java:124)
at org.testng.internal.Invoker.invokeMethod(Invoker.java:583)
at org.testng.internal.Invoker.invokeTestMethod(Invoker.java:719)
at org.testng.internal.Invoker.invokeTestMethods(Invoker.java:989)
at org.testng.internal.TestMethodWorker.invokeTestMethods(TestMethodWorker.java:125)
at org.testng.internal.TestMethodWorker.run(TestMethodWorker.java:109)
at org.testng.TestRunner.privateRun(TestRunner.java:648)
at org.testng.TestRunner.run(TestRunner.java:505)
at org.testng.SuiteRunner.runTest(SuiteRunner.java:455)
at org.testng.SuiteRunner.runSequentially(SuiteRunner.java:450)
at org.testng.SuiteRunner.privateRun(SuiteRunner.java:415)
at org.testng.SuiteRunner.run(SuiteRunner.java:364)
at org.testng.SuiteRunnerWorker.runSuite(SuiteRunnerWorker.java:52)
at org.testng.SuiteRunnerWorker.run(SuiteRunnerWorker.java:84)
at org.testng.TestNG.runSuitesSequentially(TestNG.java:1208)
at org.testng.TestNG.runSuitesLocally(TestNG.java:1137)
at org.testng.TestNG.runSuites(TestNG.java:1049)
at org.testng.TestNG.run(TestNG.java:1017)
at org.testng.remote.AbstractRemoteTestNG.run(AbstractRemoteTestNG.java:114)
at org.testng.remote.RemoteTestNG.initAndRun(RemoteTestNG.java:251)
at org.testng.remote.RemoteTestNG.main(RemoteTestNG.java:77)
Caused by: junit.framework.AssertionFailedError: Actual Response : <!DOCTYPE HTML PUBLIC "-//IETF//DTD HTML 2.0//EN">
<html><head>
<title>400 Bad Request</title>
</head><body>
<h1>Bad Request</h1>
<p>Your browser sent a request that this server could not understand.<br />
</p>
<hr>
<address>Apache/2.4.25 (Debian) Server at services.groupkt.com Port 80</address>
</body></html>

Expected status : 200 , Actual status : 400
at junit.framework.Assert.fail(Assert.java:57)
at junit.framework.Assert.assertTrue(Assert.java:22)
at org.hellofresh.stepdefs.TestAPISteps.verify_respone_status_code_as(TestAPISteps.java:58)
at ✽.Then verify respone with status code as "200"(TestApis.feature:22)
]]>
            </full-stacktrace>
          </exception> <!-- cucumber.runtime.CucumberException -->
          <reporter-output>
          </reporter-output>
        </test-method> <!-- feature -->
        <test-method status="PASS" signature="afterMethod()[pri:0, instance:org.hellofresh.resources.HelloFreshAutomationRunner@22eeefeb]" name="afterMethod" is-config="true" duration-ms="1477" started-at="2018-08-13T17:30:04Z" finished-at="2018-08-13T17:30:05Z">
          <reporter-output>
          </reporter-output>
        </test-method> <!-- afterMethod -->
        <test-method status="PASS" signature="tearDownClass()[pri:0, instance:org.hellofresh.resources.HelloFreshAutomationRunner@22eeefeb]" name="tearDownClass" is-config="true" duration-ms="365" started-at="2018-08-13T17:30:05Z" finished-at="2018-08-13T17:30:06Z">
          <reporter-output>
          </reporter-output>
        </test-method> <!-- tearDownClass -->
        <test-method status="PASS" signature="setup()[pri:0, instance:org.hellofresh.resources.HelloFreshAutomationRunner@22eeefeb]" name="setup" is-config="true" duration-ms="53" started-at="2018-08-13T17:30:06Z" finished-at="2018-08-13T17:30:06Z">
          <reporter-output>
          </reporter-output>
        </test-method> <!-- setup -->
      </class> <!-- org.hellofresh.resources.HelloFreshAutomationRunner -->
    </test> <!-- Default test -->
  </suite> <!-- Default suite -->
</testng-results>
